2022-09-16 15:43:45.882303: I tensorflow/core/platform/cpu_feature_guard.cc:142] This TensorFlow binary is optimized with oneAPI Deep Neural Network Library (oneDNN) to use the following CPU instructions in performance-critical operations:  AVX2 AVX512F FMA
To enable them in other operations, rebuild TensorFlow with the appropriate compiler flags.
2022-09-16 15:43:46.739319: I tensorflow/core/common_runtime/gpu/gpu_device.cc:1510] Created device /job:localhost/replica:0/task:0/device:GPU:0 with 11323 MB memory:  -> device: 0, name: Tesla P100-PCIE-12GB, pci bus id: 0000:65:00.0, compute capability: 6.0
2022-09-16 15:44:34.438464: I tensorflow/compiler/mlir/mlir_graph_optimization_pass.cc:185] None of the MLIR Optimization Passes are enabled (registered 2)
WARNING:tensorflow:From /usr/local/lib/python3.6/dist-packages/tensorflow/python/util/dispatch.py:206: calling weighted_cross_entropy_with_logits (from tensorflow.python.ops.nn_impl) with targets is deprecated and will be removed in a future version.
Instructions for updating:
targets is deprecated, use labels instead
2022-09-16 15:44:36.132435: I tensorflow/stream_executor/cuda/cuda_dnn.cc:369] Loaded cuDNN version 8100
jetUps= (None, 30, 30, 2)
NNinputs= (None, 30, 30, 4)
ComplInput= (None, 30, 30, 6)
Model: "model"
__________________________________________________________________________________________________
Layer (type)                    Output Shape         Param #     Connected to                     
==================================================================================================
input_1 (InputLayer)            [(None, 1)]          0                                            
__________________________________________________________________________________________________
input_2 (InputLayer)            [(None, 1)]          0                                            
__________________________________________________________________________________________________
concatenate (Concatenate)       (None, 2)            0           input_1[0][0]                    
                                                                 input_2[0][0]                    
__________________________________________________________________________________________________
reshape (Reshape)               (None, 1, 1, 2)      0           concatenate[0][0]                
__________________________________________________________________________________________________
input_3 (InputLayer)            [(None, 30, 30, 4)]  0                                            
__________________________________________________________________________________________________
up_sampling2d (UpSampling2D)    (None, 30, 30, 2)    0           reshape[0][0]                    
__________________________________________________________________________________________________
concatenate_1 (Concatenate)     (None, 30, 30, 6)    0           input_3[0][0]                    
                                                                 up_sampling2d[0][0]              
__________________________________________________________________________________________________
conv2d (Conv2D)                 (None, 30, 30, 50)   14750       concatenate_1[0][0]              
__________________________________________________________________________________________________
conv2d_1 (Conv2D)               (None, 30, 30, 20)   25020       conv2d[0][0]                     
__________________________________________________________________________________________________
conv2d_2 (Conv2D)               (None, 30, 30, 20)   10020       conv2d_1[0][0]                   
__________________________________________________________________________________________________
conv2d_3 (Conv2D)               (None, 30, 30, 18)   9018        conv2d_2[0][0]                   
__________________________________________________________________________________________________
conv2d_4 (Conv2D)               (None, 30, 30, 18)   2934        conv2d_3[0][0]                   
__________________________________________________________________________________________________
conv2d_5 (Conv2D)               (None, 30, 30, 18)   2934        conv2d_4[0][0]                   
__________________________________________________________________________________________________
conv2d_9 (Conv2D)               (None, 30, 30, 12)   1956        conv2d_4[0][0]                   
__________________________________________________________________________________________________
conv2d_6 (Conv2D)               (None, 30, 30, 18)   2934        conv2d_5[0][0]                   
__________________________________________________________________________________________________
conv2d_10 (Conv2D)              (None, 30, 30, 9)    981         conv2d_9[0][0]                   
__________________________________________________________________________________________________
conv2d_7 (Conv2D)               (None, 30, 30, 18)   2934        conv2d_6[0][0]                   
__________________________________________________________________________________________________
conv2d_11 (Conv2D)              (None, 30, 30, 7)    574         conv2d_10[0][0]                  
__________________________________________________________________________________________________
conv2d_8 (Conv2D)               (None, 30, 30, 18)   2934        conv2d_7[0][0]                   
__________________________________________________________________________________________________
conv2d_12 (Conv2D)              (None, 30, 30, 6)    384         conv2d_11[0][0]                  
__________________________________________________________________________________________________
reshape_1 (Reshape)             (None, 30, 30, 3, 6) 0           conv2d_8[0][0]                   
__________________________________________________________________________________________________
reshape_2 (Reshape)             (None, 30, 30, 3, 2) 0           conv2d_12[0][0]                  
==================================================================================================
Total params: 77,373
Trainable params: 77,373
Non-trainable params: 0
__________________________________________________________________________________________________
number of  file= 273
number of file validation= 68
total number of events = 8341541
total number of events validation= 2079273
Number of Steps= 130336.578125
training: start
Epoch 253/272
130336/130336 - 13779s - loss: 0.6666 - reshape_1_loss: 0.3076 - reshape_2_loss: 0.3589 - val_loss: 0.6669 - val_reshape_1_loss: 0.3082 - val_reshape_2_loss: 0.3588

Epoch 00253: saving model to weights.253-0.67.hdf5
Epoch 254/272
130336/130336 - 13751s - loss: 0.6666 - reshape_1_loss: 0.3077 - reshape_2_loss: 0.3589 - val_loss: 0.6670 - val_reshape_1_loss: 0.3082 - val_reshape_2_loss: 0.3588

Epoch 00254: saving model to weights.254-0.67.hdf5
Epoch 255/272
130336/130336 - 13724s - loss: 0.6666 - reshape_1_loss: 0.3076 - reshape_2_loss: 0.3590 - val_loss: 0.6669 - val_reshape_1_loss: 0.3082 - val_reshape_2_loss: 0.3588

Epoch 00255: saving model to weights.255-0.67.hdf5
Epoch 256/272
130336/130336 - 13568s - loss: 0.6666 - reshape_1_loss: 0.3077 - reshape_2_loss: 0.3589 - val_loss: 0.6670 - val_reshape_1_loss: 0.3082 - val_reshape_2_loss: 0.3588

Epoch 00256: saving model to weights.256-0.67.hdf5
Epoch 257/272
130336/130336 - 13639s - loss: 0.6666 - reshape_1_loss: 0.3076 - reshape_2_loss: 0.3590 - val_loss: 0.6669 - val_reshape_1_loss: 0.3082 - val_reshape_2_loss: 0.3588

Epoch 00257: saving model to weights.257-0.67.hdf5
Epoch 258/272
130336/130336 - 13596s - loss: 0.6666 - reshape_1_loss: 0.3076 - reshape_2_loss: 0.3589 - val_loss: 0.6670 - val_reshape_1_loss: 0.3082 - val_reshape_2_loss: 0.3588

Epoch 00258: saving model to weights.258-0.67.hdf5
Epoch 259/272
130336/130336 - 13533s - loss: 0.6666 - reshape_1_loss: 0.3076 - reshape_2_loss: 0.3589 - val_loss: 0.6670 - val_reshape_1_loss: 0.3082 - val_reshape_2_loss: 0.3588

Epoch 00259: saving model to weights.259-0.67.hdf5
Epoch 260/272
130336/130336 - 13681s - loss: 0.6666 - reshape_1_loss: 0.3077 - reshape_2_loss: 0.3590 - val_loss: 0.6670 - val_reshape_1_loss: 0.3082 - val_reshape_2_loss: 0.3588

Epoch 00260: saving model to weights.260-0.67.hdf5
Epoch 261/272
130336/130336 - 13677s - loss: 0.6666 - reshape_1_loss: 0.3077 - reshape_2_loss: 0.3589 - val_loss: 0.6670 - val_reshape_1_loss: 0.3082 - val_reshape_2_loss: 0.3588

Epoch 00261: saving model to weights.261-0.67.hdf5
Epoch 262/272
130336/130336 - 13600s - loss: 0.6665 - reshape_1_loss: 0.3076 - reshape_2_loss: 0.3589 - val_loss: 0.6669 - val_reshape_1_loss: 0.3081 - val_reshape_2_loss: 0.3588

Epoch 00262: saving model to weights.262-0.67.hdf5
Epoch 263/272
130336/130336 - 12803s - loss: 0.6666 - reshape_1_loss: 0.3076 - reshape_2_loss: 0.3590 - val_loss: 0.6668 - val_reshape_1_loss: 0.3081 - val_reshape_2_loss: 0.3587

Epoch 00263: saving model to weights.263-0.67.hdf5
Epoch 264/272
130336/130336 - 11061s - loss: 0.6666 - reshape_1_loss: 0.3076 - reshape_2_loss: 0.3589 - val_loss: 0.6671 - val_reshape_1_loss: 0.3082 - val_reshape_2_loss: 0.3589

Epoch 00264: saving model to weights.264-0.67.hdf5
Epoch 265/272
130336/130336 - 9596s - loss: 0.6666 - reshape_1_loss: 0.3076 - reshape_2_loss: 0.3590 - val_loss: 0.6670 - val_reshape_1_loss: 0.3082 - val_reshape_2_loss: 0.3588

Epoch 00265: saving model to weights.265-0.67.hdf5
Epoch 266/272
130336/130336 - 9512s - loss: 0.6666 - reshape_1_loss: 0.3076 - reshape_2_loss: 0.3589 - val_loss: 0.6670 - val_reshape_1_loss: 0.3082 - val_reshape_2_loss: 0.3588

Epoch 00266: saving model to weights.266-0.67.hdf5
Epoch 267/272
130336/130336 - 10094s - loss: 0.6666 - reshape_1_loss: 0.3076 - reshape_2_loss: 0.3589 - val_loss: 0.6670 - val_reshape_1_loss: 0.3082 - val_reshape_2_loss: 0.3588

Epoch 00267: saving model to weights.267-0.67.hdf5
Epoch 268/272
130336/130336 - 11310s - loss: 0.6666 - reshape_1_loss: 0.3076 - reshape_2_loss: 0.3589 - val_loss: 0.6671 - val_reshape_1_loss: 0.3083 - val_reshape_2_loss: 0.3588

Epoch 00268: saving model to weights.268-0.67.hdf5
Epoch 269/272
130336/130336 - 11164s - loss: 0.6666 - reshape_1_loss: 0.3076 - reshape_2_loss: 0.3590 - val_loss: 0.6670 - val_reshape_1_loss: 0.3082 - val_reshape_2_loss: 0.3588

Epoch 00269: saving model to weights.269-0.67.hdf5
Epoch 270/272
130336/130336 - 11272s - loss: 0.6666 - reshape_1_loss: 0.3076 - reshape_2_loss: 0.3589 - val_loss: 0.6670 - val_reshape_1_loss: 0.3082 - val_reshape_2_loss: 0.3588

Epoch 00270: saving model to weights.270-0.67.hdf5
Epoch 271/272
130336/130336 - 11268s - loss: 0.6665 - reshape_1_loss: 0.3076 - reshape_2_loss: 0.3589 - val_loss: 0.6669 - val_reshape_1_loss: 0.3081 - val_reshape_2_loss: 0.3588

Epoch 00271: saving model to weights.271-0.67.hdf5
Epoch 272/272
130336/130336 - 9573s - loss: 0.6666 - reshape_1_loss: 0.3076 - reshape_2_loss: 0.3589 - val_loss: 0.6669 - val_reshape_1_loss: 0.3082 - val_reshape_2_loss: 0.3588

Epoch 00272: saving model to weights.272-0.67.hdf5
done running; now save
training: completed
